2021-02-05 12:52:07.901  INFO 7424 --- [main] o.s.s.p.web.BalanceControllerMockTest    : Starting BalanceControllerMockTest on DESKTOP-88O39JL with PID 7424 (started by Misco Jones in C:\Users\Misco Jones\git\dp1-2020-g2-07)
2021-02-05 12:52:07.907  INFO 7424 --- [main] o.s.s.p.web.BalanceControllerMockTest    : No active profile set, falling back to default profiles: default
2021-02-05 12:52:09.824  INFO 7424 --- [main] o.s.s.concurrent.ThreadPoolTaskExecutor  : Initializing ExecutorService 'applicationTaskExecutor'
2021-02-05 12:52:10.855  INFO 7424 --- [main] .s.s.UserDetailsServiceAutoConfiguration : 

Using generated security password: 96c59d71-c37a-4a7e-9fa1-24f7772ef8f6

2021-02-05 12:52:11.200  INFO 7424 --- [main] o.s.s.web.DefaultSecurityFilterChain     : Creating filter chain: any request, [org.springframework.security.web.context.request.async.WebAsyncManagerIntegrationFilter@131ba005, org.springframework.security.web.context.SecurityContextPersistenceFilter@14485747, org.springframework.security.web.header.HeaderWriterFilter@38022758, org.springframework.security.web.csrf.CsrfFilter@31940704, org.springframework.security.web.authentication.logout.LogoutFilter@1f26b992, org.springframework.security.web.authentication.UsernamePasswordAuthenticationFilter@74cd798f, org.springframework.security.web.authentication.ui.DefaultLoginPageGeneratingFilter@da34eb0, org.springframework.security.web.authentication.ui.DefaultLogoutPageGeneratingFilter@7f305f34, org.springframework.security.web.authentication.www.BasicAuthenticationFilter@3e39e0fb, org.springframework.security.web.savedrequest.RequestCacheAwareFilter@70f4abc1, org.springframework.security.web.servletapi.SecurityContextHolderAwareRequestFilter@20027c44, org.springframework.security.web.authentication.AnonymousAuthenticationFilter@1a84a8b2, org.springframework.security.web.session.SessionManagementFilter@7433ca19, org.springframework.security.web.access.ExceptionTranslationFilter@402d6012, org.springframework.security.web.access.intercept.FilterSecurityInterceptor@636dbfe7]
2021-02-05 12:52:11.278  INFO 7424 --- [main] o.s.b.t.m.w.SpringBootMockServletContext : Initializing Spring TestDispatcherServlet ''
2021-02-05 12:52:11.279  INFO 7424 --- [main] o.s.t.web.servlet.TestDispatcherServlet  : Initializing Servlet ''
2021-02-05 12:52:11.306  INFO 7424 --- [main] o.s.t.web.servlet.TestDispatcherServlet  : Completed initialization in 27 ms
2021-02-05 12:52:11.367  INFO 7424 --- [main] o.s.s.p.web.BalanceControllerMockTest    : Started BalanceControllerMockTest in 3.786 seconds (JVM running for 5.162)
2021-02-05 12:52:11.587  WARN 7424 --- [main] o.s.s.petclinic.web.BalanceController    : Either the employee or the statement can´t be found, try again
2021-02-05 12:52:11.686  INFO 7424 --- [main] o.s.s.petclinic.web.BalanceController    : Employee with username lyle and ID 1 is now able to consult the statement with IDnull
2021-02-05 12:52:11.712  INFO 7424 --- [main] o.s.s.petclinic.web.BalanceController    : Employee with username %s consults the statement with ID %d
2021-02-05 12:52:11.755  WARN 7424 --- [main] o.s.s.petclinic.web.BalanceController    : Either the employee or the statement can´t be found, try again
2021-02-05 12:52:11.774  INFO 7424 --- [main] o.s.s.petclinic.web.BalanceController    : Employee with username pipencio is not able to consult the statement with ID 1
2021-02-05 12:52:11.799  INFO 7424 --- [main] o.s.s.petclinic.web.BalanceController    : Employee with username %s consults the statement with ID %d
2021-02-05 12:52:11.830  INFO 7424 --- [SpringContextShutdownHook] o.s.s.concurrent.ThreadPoolTaskExecutor  : Shutting down ExecutorService 'applicationTaskExecutor'
2021-02-05 12:52:22.795  INFO 15152 --- [restartedMain] o.s.s.petclinic.PetclinicApplication     : Starting PetclinicApplication on DESKTOP-88O39JL with PID 15152 (started by Misco Jones in C:\Users\Misco Jones\git\dp1-2020-g2-07)
2021-02-05 12:52:22.798  INFO 15152 --- [restartedMain] o.s.s.petclinic.PetclinicApplication     : No active profile set, falling back to default profiles: default
2021-02-05 12:52:22.846  INFO 15152 --- [restartedMain] o.s.b.devtools.restart.ChangeableUrls    : The Class-Path manifest attribute in C:\Users\Misco Jones\.m2\repository\org\glassfish\jaxb\jaxb-runtime\2.3.2\jaxb-runtime-2.3.2.jar referenced one or more files that do not exist: file:/C:/Users/Misco%20Jones/.m2/repository/org/glassfish/jaxb/jaxb-runtime/2.3.2/jakarta.xml.bind-api-2.3.2.jar,file:/C:/Users/Misco%20Jones/.m2/repository/org/glassfish/jaxb/jaxb-runtime/2.3.2/txw2-2.3.2.jar,file:/C:/Users/Misco%20Jones/.m2/repository/org/glassfish/jaxb/jaxb-runtime/2.3.2/istack-commons-runtime-3.0.8.jar,file:/C:/Users/Misco%20Jones/.m2/repository/org/glassfish/jaxb/jaxb-runtime/2.3.2/stax-ex-1.8.1.jar,file:/C:/Users/Misco%20Jones/.m2/repository/org/glassfish/jaxb/jaxb-runtime/2.3.2/FastInfoset-1.2.16.jar,file:/C:/Users/Misco%20Jones/.m2/repository/org/glassfish/jaxb/jaxb-runtime/2.3.2/jakarta.activation-api-1.2.1.jar
2021-02-05 12:52:22.846  INFO 15152 --- [restartedMain] .e.DevToolsPropertyDefaultsPostProcessor : Devtools property defaults active! Set 'spring.devtools.add-properties' to 'false' to disable
2021-02-05 12:52:22.846  INFO 15152 --- [restartedMain] .e.DevToolsPropertyDefaultsPostProcessor : For additional web related logging consider setting the 'logging.level.web' property to 'DEBUG'
2021-02-05 12:52:23.655  INFO 15152 --- [restartedMain] .s.d.r.c.RepositoryConfigurationDelegate : Bootstrapping Spring Data JPA repositories in DEFAULT mode.
2021-02-05 12:52:23.778  INFO 15152 --- [restartedMain] .s.d.r.c.RepositoryConfigurationDelegate : Finished Spring Data repository scanning in 111ms. Found 11 JPA repository interfaces.
2021-02-05 12:52:24.240  INFO 15152 --- [restartedMain] trationDelegate$BeanPostProcessorChecker : Bean 'org.springframework.transaction.annotation.ProxyTransactionManagementConfiguration' of type [org.springframework.transaction.annotation.ProxyTransactionManagementConfiguration] is not eligible for getting processed by all BeanPostProcessors (for example: not eligible for auto-proxying)
2021-02-05 12:52:24.696  INFO 15152 --- [restartedMain] o.s.b.w.embedded.tomcat.TomcatWebServer  : Tomcat initialized with port(s): 80 (http)
2021-02-05 12:52:24.712  INFO 15152 --- [restartedMain] o.apache.catalina.core.StandardService   : Starting service [Tomcat]
2021-02-05 12:52:24.712  INFO 15152 --- [restartedMain] org.apache.catalina.core.StandardEngine  : Starting Servlet engine: [Apache Tomcat/9.0.30]
2021-02-05 12:52:24.997  INFO 15152 --- [restartedMain] org.apache.jasper.servlet.TldScanner     : At least one JAR was scanned for TLDs yet contained no TLDs. Enable debug logging for this logger for a complete list of JARs that were scanned but no TLDs were found in them. Skipping unneeded JARs during scanning can improve startup time and JSP compilation time.
2021-02-05 12:52:25.012  INFO 15152 --- [restartedMain] o.a.c.c.C.[Tomcat].[localhost].[/]       : Initializing Spring embedded WebApplicationContext
2021-02-05 12:52:25.013  INFO 15152 --- [restartedMain] o.s.web.context.ContextLoader            : Root WebApplicationContext: initialization completed in 2167 ms
2021-02-05 12:52:25.061  INFO 15152 --- [restartedMain] com.zaxxer.hikari.HikariDataSource       : HikariPool-1 - Starting...
2021-02-05 12:52:25.308  INFO 15152 --- [restartedMain] com.zaxxer.hikari.HikariDataSource       : HikariPool-1 - Start completed.
2021-02-05 12:52:25.316  INFO 15152 --- [restartedMain] o.s.b.a.h2.H2ConsoleAutoConfiguration    : H2 console available at '/h2-console'. Database available at 'jdbc:h2:mem:testdb'
2021-02-05 12:52:25.530  INFO 15152 --- [restartedMain] o.hibernate.jpa.internal.util.LogHelper  : HHH000204: Processing PersistenceUnitInfo [name: default]
2021-02-05 12:52:25.634  INFO 15152 --- [restartedMain] org.hibernate.Version                    : HHH000412: Hibernate Core {5.4.10.Final}
2021-02-05 12:52:25.786  INFO 15152 --- [restartedMain] o.hibernate.annotations.common.Version   : HCANN000001: Hibernate Commons Annotations {5.1.0.Final}
2021-02-05 12:52:25.953  INFO 15152 --- [restartedMain] org.hibernate.dialect.Dialect            : HHH000400: Using dialect: org.hibernate.dialect.H2Dialect
2021-02-05 12:52:27.068  INFO 15152 --- [restartedMain] o.h.e.t.j.p.i.JtaPlatformInitiator       : HHH000490: Using JtaPlatform implementation: [org.hibernate.engine.transaction.jta.platform.internal.NoJtaPlatform]
2021-02-05 12:52:27.075  INFO 15152 --- [restartedMain] j.LocalContainerEntityManagerFactoryBean : Initialized JPA EntityManagerFactory for persistence unit 'default'
2021-02-05 12:52:27.092  INFO 15152 --- [restartedMain] o.s.b.d.a.OptionalLiveReloadServer       : LiveReload server is running on port 35729
2021-02-05 12:52:27.188  WARN 15152 --- [restartedMain] JpaBaseConfiguration$JpaWebConfiguration : spring.jpa.open-in-view is enabled by default. Therefore, database queries may be performed during view rendering. Explicitly configure spring.jpa.open-in-view to disable this warning
2021-02-05 12:52:28.256  INFO 15152 --- [restartedMain] o.s.s.web.DefaultSecurityFilterChain     : Creating filter chain: any request, [org.springframework.security.web.context.request.async.WebAsyncManagerIntegrationFilter@2dba964c, org.springframework.security.web.context.SecurityContextPersistenceFilter@f9eb2d2, org.springframework.security.web.header.HeaderWriterFilter@7e282041, org.springframework.security.web.csrf.CsrfFilter@39fe770b, org.springframework.security.web.authentication.logout.LogoutFilter@7f2bd387, org.springframework.security.web.authentication.UsernamePasswordAuthenticationFilter@5a954df9, org.springframework.security.web.authentication.ui.DefaultLoginPageGeneratingFilter@29bd5cce, org.springframework.security.web.authentication.ui.DefaultLogoutPageGeneratingFilter@6577c006, org.springframework.security.web.savedrequest.RequestCacheAwareFilter@a4c659d, org.springframework.security.web.servletapi.SecurityContextHolderAwareRequestFilter@1ea53fbf, org.springframework.security.web.authentication.AnonymousAuthenticationFilter@4d8ccbe, org.springframework.security.web.session.SessionManagementFilter@64889a97, org.springframework.security.web.access.ExceptionTranslationFilter@1546e20b, org.springframework.security.web.access.intercept.FilterSecurityInterceptor@121277dc]
2021-02-05 12:52:28.427  INFO 15152 --- [restartedMain] o.s.s.concurrent.ThreadPoolTaskExecutor  : Initializing ExecutorService 'applicationTaskExecutor'
2021-02-05 12:52:29.058  INFO 15152 --- [restartedMain] o.s.s.c.ThreadPoolTaskScheduler          : Initializing ExecutorService 'taskScheduler'
2021-02-05 12:52:29.197  INFO 15152 --- [restartedMain] o.s.b.w.embedded.tomcat.TomcatWebServer  : Tomcat started on port(s): 80 (http) with context path ''
2021-02-05 12:52:29.202  INFO 15152 --- [restartedMain] o.s.s.petclinic.PetclinicApplication     : Started PetclinicApplication in 6.778 seconds (JVM running for 7.53)
2021-02-05 12:52:29.204  INFO 15152 --- [restartedMain] o.s.s.petclinic.PetclinicApplication     : Application has been deployed!
2021-02-05 12:52:39.772  INFO 15152 --- [http-nio-80-exec-1] o.a.c.c.C.[Tomcat].[localhost].[/]       : Initializing Spring DispatcherServlet 'dispatcherServlet'
2021-02-05 12:52:39.773  INFO 15152 --- [http-nio-80-exec-1] o.s.web.servlet.DispatcherServlet        : Initializing Servlet 'dispatcherServlet'
2021-02-05 12:52:39.779  INFO 15152 --- [http-nio-80-exec-1] o.s.web.servlet.DispatcherServlet        : Completed initialization in 6 ms
2021-02-05 12:52:58.694  INFO 15152 --- [http-nio-80-exec-8] o.h.c.i.AbstractPersistentCollection     : HHH000496: Detaching an uninitialized collection with queued operations from a session: [org.springframework.samples.petclinic.model.Employee.horarios#1]
2021-02-05 12:53:01.427  INFO 15152 --- [http-nio-80-exec-6] o.s.s.petclinic.web.HorarioController    : Day 2021-02-06 for the employee Jhon has been created
2021-02-05 12:53:05.898  INFO 15152 --- [http-nio-80-exec-8] o.s.s.petclinic.web.HorarioController    : New session created for Jhon in the Relax pool
2021-02-05 12:53:15.371  INFO 15152 --- [http-nio-80-exec-2] o.s.s.petclinic.service.BonoService      : Token with code ZkQY7BbeDEYZ and ID 2 has been created or updated
2021-02-05 12:53:15.372  INFO 15152 --- [http-nio-80-exec-2] o.s.s.petclinic.web.SalaController       : Token with code ZkQY7BbeDEYZ created successfully
2021-02-05 12:55:54.244  INFO 15152 --- [http-nio-80-exec-10] o.s.s.petclinic.service.BonoService      : Token with code i3xuKVrYBPyJ and ID 3 has been created or updated
2021-02-05 12:55:54.244  INFO 15152 --- [http-nio-80-exec-10] o.s.s.petclinic.web.SalaController       : Token with code i3xuKVrYBPyJ created successfully
2021-02-05 14:51:08.010  INFO 6228 --- [main] o.s.s.p.web.BonoControllerMockTest       : Starting BonoControllerMockTest on DESKTOP-88O39JL with PID 6228 (started by Misco Jones in C:\Users\Misco Jones\git\dp1-2020-g2-07)
2021-02-05 14:51:08.013  INFO 6228 --- [main] o.s.s.p.web.BonoControllerMockTest       : No active profile set, falling back to default profiles: default
2021-02-05 14:51:09.842  INFO 6228 --- [main] o.s.s.concurrent.ThreadPoolTaskExecutor  : Initializing ExecutorService 'applicationTaskExecutor'
2021-02-05 14:51:10.801  INFO 6228 --- [main] .s.s.UserDetailsServiceAutoConfiguration : 

Using generated security password: ee88701e-b670-4867-be5f-b68b3eda2281

2021-02-05 14:51:11.040  INFO 6228 --- [main] o.s.s.web.DefaultSecurityFilterChain     : Creating filter chain: any request, [org.springframework.security.web.context.request.async.WebAsyncManagerIntegrationFilter@606b53a3, org.springframework.security.web.context.SecurityContextPersistenceFilter@52d9d817, org.springframework.security.web.header.HeaderWriterFilter@2d73e8c4, org.springframework.security.web.csrf.CsrfFilter@76b5a559, org.springframework.security.web.authentication.logout.LogoutFilter@7bf65e0f, org.springframework.security.web.authentication.UsernamePasswordAuthenticationFilter@17354708, org.springframework.security.web.authentication.ui.DefaultLoginPageGeneratingFilter@12448de1, org.springframework.security.web.authentication.ui.DefaultLogoutPageGeneratingFilter@432c0f1, org.springframework.security.web.authentication.www.BasicAuthenticationFilter@47198524, org.springframework.security.web.savedrequest.RequestCacheAwareFilter@1a84a8b2, org.springframework.security.web.servletapi.SecurityContextHolderAwareRequestFilter@3ae2702a, org.springframework.security.web.authentication.AnonymousAuthenticationFilter@37bda983, org.springframework.security.web.session.SessionManagementFilter@260d48f5, org.springframework.security.web.access.ExceptionTranslationFilter@2c674d58, org.springframework.security.web.access.intercept.FilterSecurityInterceptor@77ff14ce]
2021-02-05 14:51:11.106  INFO 6228 --- [main] o.s.b.t.m.w.SpringBootMockServletContext : Initializing Spring TestDispatcherServlet ''
2021-02-05 14:51:11.107  INFO 6228 --- [main] o.s.t.web.servlet.TestDispatcherServlet  : Initializing Servlet ''
2021-02-05 14:51:11.121  INFO 6228 --- [main] o.s.t.web.servlet.TestDispatcherServlet  : Completed initialization in 14 ms
2021-02-05 14:51:11.173  INFO 6228 --- [main] o.s.s.p.web.BonoControllerMockTest       : Started BonoControllerMockTest in 3.459 seconds (JVM running for 4.821)
2021-02-05 14:51:11.344  WARN 6228 --- [main] o.s.s.petclinic.web.BonoController       : Token with code org.springframework.samples.petclinic.model.TokenCode@6dbbdf92 does not exist
2021-02-05 14:51:11.420  INFO 6228 --- [main] o.s.s.petclinic.web.BonoController       : Token with code org.springframework.samples.petclinic.model.TokenCode@43445fc6 has expired or has already been used
2021-02-05 14:51:11.476  INFO 6228 --- [main] o.s.s.petclinic.web.BonoController       : Token with code org.springframework.samples.petclinic.model.TokenCode@430d3021 has expired or has already been used
2021-02-05 14:51:11.496  INFO 6228 --- [main] o.s.s.petclinic.web.BonoController       : Token with ID 1 was deleted
2021-02-05 14:51:11.513  WARN 6228 --- [main] o.s.s.petclinic.web.BonoController       : Token with ID 3 does not exist
2021-02-05 14:51:11.548  INFO 6228 --- [main] o.s.s.petclinic.web.BonoController       : Token with code org.springframework.samples.petclinic.model.TokenCode@53ba25ff has expired or has already been used
2021-02-05 14:51:11.563  INFO 6228 --- [SpringContextShutdownHook] o.s.s.concurrent.ThreadPoolTaskExecutor  : Shutting down ExecutorService 'applicationTaskExecutor'
